2018-12-31 03:32:05,511:max_episode: 5000, f_sampling: 1000, BayesBatch: 10000, lastlayer: 512, replay_start_size: 50000, sigma: 0.001, sigma_n: 1, annealing_end: 1000000.0, f_bayes_update: 1000, gamma2: 0.95, epsilon_min: 0.1, internal_skip_frame: 4, target_W_update: 10, rms_eps: 0.01, skip_frame: 4, lr: 0.0025, image_size: 84, replay_buffer_size: 500000, learning_frequency: 4, lambda_W: 0.1, Target_update: 10000, target_batch_size: 5000, alpha: 0.01, gamma1: 0.95, ctx: gpu(0), alpha_target: 1, batch_size: 32, gamma: 0.99, frame_len: 4
2018-12-31 03:32:09,105:BDQN:env:Centipede-v0,epis[0],durat[69],fnum=68, cum_cl_rew = 52, cum_rew = 2149,tot_cl = 0 , tot = 0
2018-12-31 03:34:11,004:BDQN:env:Centipede-v0,epis[100],durat[40],fnum=6557, cum_cl_rew = 48, cum_rew = 360,tot_cl = 0 , tot = 0
2018-12-31 03:36:12,898:BDQN:env:Centipede-v0,epis[200],durat[62],fnum=13013, cum_cl_rew = 56, cum_rew = 1006,tot_cl = 53 , tot = 1655
2018-12-31 03:38:22,933:BDQN:env:Centipede-v0,epis[300],durat[72],fnum=19883, cum_cl_rew = 53, cum_rew = 1460,tot_cl = 54 , tot = 1517
2018-12-31 03:40:26,001:BDQN:env:Centipede-v0,epis[400],durat[95],fnum=26449, cum_cl_rew = 56, cum_rew = 1865,tot_cl = 55 , tot = 1635
2018-12-31 03:42:28,390:BDQN:env:Centipede-v0,epis[500],durat[49],fnum=32948, cum_cl_rew = 52, cum_rew = 837,tot_cl = 54 , tot = 1578
2018-12-31 03:44:26,095:BDQN:env:Centipede-v0,epis[600],durat[86],fnum=39265, cum_cl_rew = 64, cum_rew = 1279,tot_cl = 52 , tot = 1315
2018-12-31 03:46:30,231:BDQN:env:Centipede-v0,epis[700],durat[90],fnum=45904, cum_cl_rew = 59, cum_rew = 1948,tot_cl = 52 , tot = 1405
2018-12-31 03:47:47,424:annealing and laerning are started 
2018-12-31 03:48:57,824:BDQN:env:Centipede-v0,epis[800],durat[71],fnum=52414, cum_cl_rew = 61, cum_rew = 2979,tot_cl = 54 , tot = 1542
2018-12-31 03:52:09,582:BDQN:env:Centipede-v0,epis[900],durat[67],fnum=58975, cum_cl_rew = 40, cum_rew = 1191,tot_cl = 54 , tot = 1563
2018-12-31 03:55:15,464:BDQN:env:Centipede-v0,epis[1000],durat[58],fnum=65305, cum_cl_rew = 56, cum_rew = 1049,tot_cl = 53 , tot = 1428
2018-12-31 03:58:27,905:BDQN:env:Centipede-v0,epis[1100],durat[87],fnum=71903, cum_cl_rew = 68, cum_rew = 3490,tot_cl = 55 , tot = 1467
2018-12-31 04:01:38,215:BDQN:env:Centipede-v0,epis[1200],durat[54],fnum=78462, cum_cl_rew = 55, cum_rew = 1178,tot_cl = 55 , tot = 1598
2018-12-31 04:04:45,578:BDQN:env:Centipede-v0,epis[1300],durat[68],fnum=84914, cum_cl_rew = 48, cum_rew = 1242,tot_cl = 53 , tot = 1469
2018-12-31 04:07:54,819:BDQN:env:Centipede-v0,epis[1400],durat[69],fnum=91436, cum_cl_rew = 56, cum_rew = 1552,tot_cl = 54 , tot = 1552
2018-12-31 04:11:05,209:BDQN:env:Centipede-v0,epis[1500],durat[51],fnum=97983, cum_cl_rew = 50, cum_rew = 376,tot_cl = 54 , tot = 1674
2018-12-31 04:14:28,158:BDQN:env:Centipede-v0,epis[1600],durat[62],fnum=104972, cum_cl_rew = 55, cum_rew = 754,tot_cl = 55 , tot = 1719
2018-12-31 04:17:34,244:BDQN:env:Centipede-v0,epis[1700],durat[63],fnum=111418, cum_cl_rew = 43, cum_rew = 1101,tot_cl = 53 , tot = 1509
2018-12-31 04:20:40,256:BDQN:env:Centipede-v0,epis[1800],durat[61],fnum=117828, cum_cl_rew = 42, cum_rew = 601,tot_cl = 53 , tot = 1485
2018-12-31 04:23:53,966:BDQN:env:Centipede-v0,epis[1900],durat[62],fnum=124525, cum_cl_rew = 65, cum_rew = 1132,tot_cl = 54 , tot = 1563
2018-12-31 04:27:12,031:BDQN:env:Centipede-v0,epis[2000],durat[55],fnum=131416, cum_cl_rew = 65, cum_rew = 1726,tot_cl = 54 , tot = 1628
2018-12-31 04:30:20,607:BDQN:env:Centipede-v0,epis[2100],durat[82],fnum=137949, cum_cl_rew = 54, cum_rew = 1175,tot_cl = 53 , tot = 1415
2018-12-31 04:33:29,955:BDQN:env:Centipede-v0,epis[2200],durat[59],fnum=144587, cum_cl_rew = 60, cum_rew = 1168,tot_cl = 53 , tot = 1604
2018-12-31 04:44:48,948:BDQN:env:Centipede-v0,epis[2300],durat[69],fnum=151453, cum_cl_rew = 70, cum_rew = 1236,tot_cl = 59 , tot = 1908
2018-12-31 04:48:40,559:BDQN:env:Centipede-v0,epis[2400],durat[118],fnum=159589, cum_cl_rew = 105, cum_rew = 3522,tot_cl = 84 , tot = 3771
2018-12-31 04:52:22,090:BDQN:env:Centipede-v0,epis[2500],durat[71],fnum=167309, cum_cl_rew = 93, cum_rew = 3112,tot_cl = 84 , tot = 3632
2018-12-31 04:55:42,849:BDQN:env:Centipede-v0,epis[2600],durat[58],fnum=174299, cum_cl_rew = 74, cum_rew = 2123,tot_cl = 79 , tot = 3097
2018-12-31 04:58:49,901:BDQN:env:Centipede-v0,epis[2700],durat[49],fnum=180910, cum_cl_rew = 73, cum_rew = 2523,tot_cl = 78 , tot = 2934
2018-12-31 05:02:02,368:BDQN:env:Centipede-v0,epis[2800],durat[56],fnum=187652, cum_cl_rew = 65, cum_rew = 1902,tot_cl = 81 , tot = 3321
2018-12-31 05:05:10,083:BDQN:env:Centipede-v0,epis[2900],durat[52],fnum=194241, cum_cl_rew = 79, cum_rew = 2377,tot_cl = 79 , tot = 3115
2018-12-31 05:08:24,400:BDQN:env:Centipede-v0,epis[3000],durat[70],fnum=201059, cum_cl_rew = 67, cum_rew = 2298,tot_cl = 81 , tot = 3337
2018-12-31 05:11:39,220:BDQN:env:Centipede-v0,epis[3100],durat[59],fnum=207820, cum_cl_rew = 78, cum_rew = 3543,tot_cl = 81 , tot = 3256
2018-12-31 05:14:54,432:BDQN:env:Centipede-v0,epis[3200],durat[68],fnum=214660, cum_cl_rew = 70, cum_rew = 3191,tot_cl = 81 , tot = 3380
2018-12-31 05:18:09,381:BDQN:env:Centipede-v0,epis[3300],durat[44],fnum=221441, cum_cl_rew = 64, cum_rew = 812,tot_cl = 82 , tot = 3512
2018-12-31 05:21:30,463:BDQN:env:Centipede-v0,epis[3400],durat[81],fnum=228444, cum_cl_rew = 89, cum_rew = 4177,tot_cl = 81 , tot = 3533
2018-12-31 05:24:44,859:BDQN:env:Centipede-v0,epis[3500],durat[70],fnum=235252, cum_cl_rew = 78, cum_rew = 3443,tot_cl = 81 , tot = 3368
2018-12-31 11:00:13,637:internal_skip_frame: 4, ctx: gpu(0), f_bayes_update: 1000, gamma1: 0.95, epsilon_min: 0.1, frame_len: 4, annealing_end: 1000000.0, target_batch_size: 5000, replay_buffer_size: 500000, target_W_update: 10, skip_frame: 4, gamma2: 0.95, alpha_target: 1, image_size: 84, f_sampling: 1000, learning_frequency: 4, max_episode: 3000, replay_start_size: 50000, sigma_n: 1, Target_update: 10000, alpha: 0.01, batch_size: 32, lambda_W: 0.1, lr: 0.0025, sigma: 0.001, gamma: 0.99, BayesBatch: 10000, rms_eps: 0.01, lastlayer: 512
2018-12-31 11:00:37,017:BDQN:env:Centipede-v0,epis[0],durat[72],fnum=71, cum_cl_rew = 66, cum_rew = 2893,tot_cl = 0 , tot = 0
2018-12-31 11:02:40,964:BDQN:env:Centipede-v0,epis[100],durat[63],fnum=6566, cum_cl_rew = 45, cum_rew = 828,tot_cl = 0 , tot = 0
2018-12-31 11:04:51,473:BDQN:env:Centipede-v0,epis[200],durat[82],fnum=13490, cum_cl_rew = 57, cum_rew = 777,tot_cl = 55 , tot = 1639
2018-12-31 11:06:58,682:BDQN:env:Centipede-v0,epis[300],durat[61],fnum=20199, cum_cl_rew = 59, cum_rew = 1077,tot_cl = 54 , tot = 1648
2018-12-31 11:08:59,107:BDQN:env:Centipede-v0,epis[400],durat[60],fnum=26657, cum_cl_rew = 56, cum_rew = 781,tot_cl = 53 , tot = 1605
2018-12-31 11:11:11,031:BDQN:env:Centipede-v0,epis[500],durat[70],fnum=33731, cum_cl_rew = 64, cum_rew = 1514,tot_cl = 55 , tot = 1643
2018-12-31 11:13:12,149:BDQN:env:Centipede-v0,epis[600],durat[52],fnum=40143, cum_cl_rew = 55, cum_rew = 1649,tot_cl = 53 , tot = 1539
2018-12-31 11:15:14,717:BDQN:env:Centipede-v0,epis[700],durat[78],fnum=46686, cum_cl_rew = 54, cum_rew = 2358,tot_cl = 53 , tot = 1555
2018-12-31 11:16:16,586:annealing and laerning are started 
2018-12-31 11:17:52,439:BDQN:env:Centipede-v0,epis[800],durat[40],fnum=53239, cum_cl_rew = 52, cum_rew = 562,tot_cl = 54 , tot = 1539
2018-12-31 11:21:13,724:BDQN:env:Centipede-v0,epis[900],durat[77],fnum=60165, cum_cl_rew = 61, cum_rew = 2280,tot_cl = 55 , tot = 1644
2018-12-31 11:24:26,834:BDQN:env:Centipede-v0,epis[1000],durat[73],fnum=66802, cum_cl_rew = 64, cum_rew = 3212,tot_cl = 53 , tot = 1547
2018-12-31 11:27:40,646:BDQN:env:Centipede-v0,epis[1100],durat[99],fnum=73456, cum_cl_rew = 59, cum_rew = 1698,tot_cl = 54 , tot = 1519
2018-12-31 11:30:45,035:BDQN:env:Centipede-v0,epis[1200],durat[47],fnum=79874, cum_cl_rew = 41, cum_rew = 505,tot_cl = 54 , tot = 1429
2018-12-31 11:33:59,066:BDQN:env:Centipede-v0,epis[1300],durat[85],fnum=86549, cum_cl_rew = 61, cum_rew = 1990,tot_cl = 55 , tot = 1711
2018-12-31 11:37:15,391:BDQN:env:Centipede-v0,epis[1400],durat[79],fnum=93370, cum_cl_rew = 46, cum_rew = 1628,tot_cl = 54 , tot = 1686
2018-12-31 11:40:23,260:BDQN:env:Centipede-v0,epis[1500],durat[54],fnum=99875, cum_cl_rew = 54, cum_rew = 2132,tot_cl = 53 , tot = 1489
2018-12-31 11:43:42,075:BDQN:env:Centipede-v0,epis[1600],durat[73],fnum=106747, cum_cl_rew = 59, cum_rew = 2374,tot_cl = 55 , tot = 1608
2018-12-31 11:47:01,747:BDQN:env:Centipede-v0,epis[1700],durat[48],fnum=113705, cum_cl_rew = 57, cum_rew = 589,tot_cl = 55 , tot = 1813
2018-12-31 11:50:12,351:BDQN:env:Centipede-v0,epis[1800],durat[65],fnum=120303, cum_cl_rew = 63, cum_rew = 4653,tot_cl = 55 , tot = 1681
2018-12-31 11:53:15,254:BDQN:env:Centipede-v0,epis[1900],durat[65],fnum=126679, cum_cl_rew = 53, cum_rew = 573,tot_cl = 53 , tot = 1468
2018-12-31 11:56:26,597:BDQN:env:Centipede-v0,epis[2000],durat[92],fnum=133331, cum_cl_rew = 62, cum_rew = 3973,tot_cl = 55 , tot = 1590
2018-12-31 11:59:34,850:BDQN:env:Centipede-v0,epis[2100],durat[51],fnum=139871, cum_cl_rew = 57, cum_rew = 683,tot_cl = 53 , tot = 1450
2018-12-31 12:02:41,934:BDQN:env:Centipede-v0,epis[2200],durat[66],fnum=146465, cum_cl_rew = 56, cum_rew = 893,tot_cl = 54 , tot = 1670
2018-12-31 12:14:19,556:BDQN:env:Centipede-v0,epis[2300],durat[84],fnum=153654, cum_cl_rew = 68, cum_rew = 2492,tot_cl = 65 , tot = 2192
2018-12-31 12:17:48,947:BDQN:env:Centipede-v0,epis[2400],durat[70],fnum=161025, cum_cl_rew = 86, cum_rew = 3827,tot_cl = 81 , tot = 3314
2018-12-31 12:21:22,850:BDQN:env:Centipede-v0,epis[2500],durat[57],fnum=168491, cum_cl_rew = 80, cum_rew = 1729,tot_cl = 80 , tot = 3506
2018-12-31 12:24:55,474:BDQN:env:Centipede-v0,epis[2600],durat[80],fnum=175904, cum_cl_rew = 82, cum_rew = 3155,tot_cl = 83 , tot = 3680
2018-12-31 12:28:13,077:BDQN:env:Centipede-v0,epis[2700],durat[75],fnum=182859, cum_cl_rew = 70, cum_rew = 3686,tot_cl = 80 , tot = 3295
2018-12-31 12:31:26,629:BDQN:env:Centipede-v0,epis[2800],durat[58],fnum=189604, cum_cl_rew = 69, cum_rew = 1710,tot_cl = 79 , tot = 3148
2018-12-31 12:35:32,761:gamma: 0.99, Target_update: 10000, internal_skip_frame: 4, rms_eps: 0.01, learning_frequency: 4, target_W_update: 10, sigma: 0.001, batch_size: 32, target_batch_size: 5000, ctx: gpu(0), annealing_end: 1000000.0, gamma1: 0.95, sigma_n: 1, max_episode: 3000, lambda_W: 0.1, epsilon_min: 0.1, BayesBatch: 10000, gamma2: 0.95, image_size: 84, alpha: 0.01, frame_len: 4, replay_start_size: 50000, f_sampling: 1000, lr: 0.0025, replay_buffer_size: 500000, lastlayer: 512, f_bayes_update: 1000, skip_frame: 4, alpha_target: 1
2018-12-31 12:35:35,964:BDQN:env:Centipede-v0,epis[0],durat[63],fnum=62, cum_cl_rew = 59, cum_rew = 622,tot_cl = 0 , tot = 0
2018-12-31 12:37:38,066:BDQN:env:Centipede-v0,epis[100],durat[98],fnum=6796, cum_cl_rew = 58, cum_rew = 1674,tot_cl = 0 , tot = 0
2018-12-31 12:39:39,141:BDQN:env:Centipede-v0,epis[200],durat[77],fnum=13416, cum_cl_rew = 58, cum_rew = 1562,tot_cl = 54 , tot = 1519
2018-12-31 12:41:39,780:BDQN:env:Centipede-v0,epis[300],durat[66],fnum=19941, cum_cl_rew = 58, cum_rew = 1965,tot_cl = 54 , tot = 1631
2018-12-31 12:43:40,187:BDQN:env:Centipede-v0,epis[400],durat[51],fnum=26515, cum_cl_rew = 52, cum_rew = 572,tot_cl = 55 , tot = 1669
2018-12-31 12:45:42,298:BDQN:env:Centipede-v0,epis[500],durat[59],fnum=33154, cum_cl_rew = 44, cum_rew = 1804,tot_cl = 54 , tot = 1680
2018-12-31 12:47:47,041:BDQN:env:Centipede-v0,epis[600],durat[85],fnum=40034, cum_cl_rew = 56, cum_rew = 2737,tot_cl = 53 , tot = 1498
2018-12-31 12:49:42,543:BDQN:env:Centipede-v0,epis[700],durat[62],fnum=46342, cum_cl_rew = 56, cum_rew = 1511,tot_cl = 52 , tot = 1485
2018-12-31 12:50:50,162:annealing and laerning are started 
2018-12-31 12:52:15,491:BDQN:env:Centipede-v0,epis[800],durat[88],fnum=52971, cum_cl_rew = 58, cum_rew = 2087,tot_cl = 54 , tot = 1558
2018-12-31 12:55:27,845:BDQN:env:Centipede-v0,epis[900],durat[81],fnum=59613, cum_cl_rew = 66, cum_rew = 1297,tot_cl = 53 , tot = 1519
2018-12-31 12:58:43,824:BDQN:env:Centipede-v0,epis[1000],durat[66],fnum=66455, cum_cl_rew = 60, cum_rew = 1501,tot_cl = 54 , tot = 1680
2018-12-31 13:01:48,061:BDQN:env:Centipede-v0,epis[1100],durat[52],fnum=72824, cum_cl_rew = 40, cum_rew = 296,tot_cl = 53 , tot = 1378
2018-12-31 13:04:54,547:BDQN:env:Centipede-v0,epis[1200],durat[63],fnum=79317, cum_cl_rew = 49, cum_rew = 833,tot_cl = 53 , tot = 1368
2018-12-31 13:08:01,471:BDQN:env:Centipede-v0,epis[1300],durat[66],fnum=85808, cum_cl_rew = 55, cum_rew = 1883,tot_cl = 53 , tot = 1439
2018-12-31 13:11:12,051:BDQN:env:Centipede-v0,epis[1400],durat[70],fnum=92420, cum_cl_rew = 51, cum_rew = 1353,tot_cl = 55 , tot = 1540
2018-12-31 13:14:23,567:BDQN:env:Centipede-v0,epis[1500],durat[51],fnum=99111, cum_cl_rew = 50, cum_rew = 1052,tot_cl = 54 , tot = 1685
2018-12-31 13:17:36,335:BDQN:env:Centipede-v0,epis[1600],durat[61],fnum=105821, cum_cl_rew = 49, cum_rew = 449,tot_cl = 55 , tot = 1663
2018-12-31 13:20:45,741:BDQN:env:Centipede-v0,epis[1700],durat[27],fnum=112429, cum_cl_rew = 47, cum_rew = 332,tot_cl = 53 , tot = 1524
2018-12-31 13:23:58,584:BDQN:env:Centipede-v0,epis[1800],durat[46],fnum=119124, cum_cl_rew = 43, cum_rew = 1203,tot_cl = 54 , tot = 1650
2018-12-31 13:27:01,081:BDQN:env:Centipede-v0,epis[1900],durat[115],fnum=125437, cum_cl_rew = 73, cum_rew = 4572,tot_cl = 55 , tot = 1600
2018-12-31 13:30:10,989:BDQN:env:Centipede-v0,epis[2000],durat[92],fnum=132075, cum_cl_rew = 70, cum_rew = 2488,tot_cl = 54 , tot = 1655
2018-12-31 13:33:22,694:BDQN:env:Centipede-v0,epis[2100],durat[75],fnum=138752, cum_cl_rew = 63, cum_rew = 2786,tot_cl = 55 , tot = 1623
2018-12-31 13:36:29,938:BDQN:env:Centipede-v0,epis[2200],durat[54],fnum=145296, cum_cl_rew = 53, cum_rew = 1348,tot_cl = 54 , tot = 1629
2018-12-31 13:47:57,525:BDQN:env:Centipede-v0,epis[2300],durat[92],fnum=152184, cum_cl_rew = 83, cum_rew = 4132,tot_cl = 61 , tot = 2020
2018-12-31 13:51:38,184:BDQN:env:Centipede-v0,epis[2400],durat[93],fnum=159906, cum_cl_rew = 79, cum_rew = 4483,tot_cl = 80 , tot = 3226
2018-12-31 13:55:19,064:BDQN:env:Centipede-v0,epis[2500],durat[100],fnum=167585, cum_cl_rew = 101, cum_rew = 3675,tot_cl = 83 , tot = 3431
2018-12-31 13:58:39,449:BDQN:env:Centipede-v0,epis[2600],durat[72],fnum=174587, cum_cl_rew = 82, cum_rew = 4699,tot_cl = 80 , tot = 3186
2018-12-31 14:01:57,498:BDQN:env:Centipede-v0,epis[2700],durat[103],fnum=181523, cum_cl_rew = 111, cum_rew = 6318,tot_cl = 80 , tot = 3203
2018-12-31 14:05:27,685:BDQN:env:Centipede-v0,epis[2800],durat[83],fnum=188824, cum_cl_rew = 101, cum_rew = 4977,tot_cl = 84 , tot = 3678
2018-12-31 14:08:33,689:BDQN:env:Centipede-v0,epis[2900],durat[176],fnum=195347, cum_cl_rew = 168, cum_rew = 15772,tot_cl = 78 , tot = 3042
